# On branch master
#
# Initial commit
#
# Changes to be committed:
#   (use "git rm --cached <file>..." to unstage)
#
#	new file:   chapter1/1_1/demo1
#	new file:   chapter1/1_1/demo1.cpp
#	new file:   chapter1/1_1/demo1.i
#	new file:   chapter1/1_1/demo1.o
#	new file:   chapter1/1_1/demo1.s
#	new file:   chapter1/1_1/p_1_1
#	new file:   chapter1/1_1/p_1_1.cpp
#	new file:   chapter1/1_1/p_1_2
#	new file:   chapter1/1_1/p_1_2.cpp
#	new file:   chapter1/1_2/IOdemo
#	new file:   chapter1/1_2/IOdemo.cpp
#	new file:   chapter1/1_2/Valid_p_1_6
#	new file:   chapter1/1_2/Valid_p_1_6.cpp
#	new file:   chapter1/1_2/p_1_3
#	new file:   chapter1/1_2/p_1_3.cpp
#	new file:   chapter1/1_2/p_1_4
#	new file:   chapter1/1_2/p_1_4.cpp
#	new file:   chapter1/1_2/p_1_5
#	new file:   chapter1/1_2/p_1_5.cpp
#	new file:   chapter1/1_2/p_1_6.cpp
#	new file:   chapter1/1_3/Valid_p_1_8_3
#	new file:   chapter1/1_3/Valid_p_1_8_3.cpp
#	new file:   chapter1/1_3/p_1_7.cpp
#	new file:   chapter1/1_3/p_1_8_1
#	new file:   chapter1/1_3/p_1_8_1.cpp
#	new file:   chapter1/1_3/p_1_8_2
#	new file:   chapter1/1_3/p_1_8_2.cpp
#	new file:   chapter1/1_3/p_1_8_3.cpp
#	new file:   chapter1/1_3/p_1_8_4
#	new file:   chapter1/1_3/p_1_8_4.cpp
#	new file:   chapter1/1_4/1_4_1/oneToTen_sum
#	new file:   chapter1/1_4/1_4_1/oneToTen_sum.cpp
#	new file:   chapter1/1_4/1_4_1/p_1_10
#	new file:   chapter1/1_4/1_4_1/p_1_10.cpp
#	new file:   chapter1/1_4/1_4_1/p_1_11
#	new file:   chapter1/1_4/1_4_1/p_1_11.cpp
#	new file:   chapter1/1_4/1_4_1/p_1_9
#	new file:   chapter1/1_4/1_4_1/p_1_9.cpp
#	new file:   chapter1/1_4/1_4_2/ForDemo
#	new file:   chapter1/1_4/1_4_2/ForDemo.cpp
#	new file:   chapter1/1_4/1_4_2/demo1.cpp
#	new file:   chapter1/1_4/1_4_2/p_1_12
#	new file:   chapter1/1_4/1_4_2/p_1_12.cpp
#	new file:   chapter1/1_4/1_4_2/p_1_13_1
#	new file:   chapter1/1_4/1_4_2/p_1_13_1.cpp
#	new file:   chapter1/1_4/1_4_2/p_1_13_2
#	new file:   chapter1/1_4/1_4_2/p_1_13_2.cpp
#	new file:   chapter1/1_4/1_4_2/p_1_13_3
#	new file:   chapter1/1_4/1_4_2/p_1_13_3.cpp
#	new file:   chapter1/1_4/1_4_3/demo1
#	new file:   chapter1/1_4/1_4_3/demo1.cpp
#	new file:   chapter1/1_4/1_4_3/example
#	new file:   chapter1/1_4/1_4_3/p_1_16
#	new file:   chapter1/1_4/1_4_3/p_1_16.cpp
#	new file:   chapter1/1_4/1_4_3/result
#	new file:   chapter1/1_4/1_4_4/a.out
#	new file:   chapter1/1_4/1_4_4/demo1
#	new file:   chapter1/1_4/1_4_4/demo1.cpp
#	new file:   chapter1/1_4/1_4_4/demo1.cpp.bak
#	new file:   chapter1/1_4/1_4_4/demo2
#	new file:   chapter1/1_4/1_4_4/demo2.cpp
#	new file:   chapter1/1_4/1_4_4/output/demo2.out
#	new file:   chapter1/1_5/1_5_1/Sales_item.h
#	new file:   chapter1/1_5/1_5_1/Version_test.h
#	new file:   chapter1/1_5/1_5_1/demo_File_redirect
#	new file:   chapter1/1_5/1_5_1/demo_File_redirect.cpp
#	new file:   chapter1/1_5/1_5_1/demo_add
#	new file:   chapter1/1_5/1_5_1/demo_add.cpp
#	new file:   chapter1/1_5/1_5_1/demo_stdout.cpp
#	new file:   chapter1/1_5/1_5_1/example
#	new file:   chapter1/1_5/1_5_1/output/demo1.out
#	new file:   chapter1/1_5/1_5_1/output/demo_add.out
#	new file:   chapter1/1_5/1_5_1/output/demo_stdout.out
#	new file:   chapter1/1_5/1_5_1/output/p_1_22.out
#	new file:   chapter1/1_5/1_5_1/p_1_22.cpp
#	new file:   chapter1/1_5/1_5_1/result
#	new file:   chapter1/1_5/1_5_2/Sales_item.h
#	new file:   chapter1/1_5/1_5_2/Version_test.h
#	new file:   chapter1/1_5/1_5_2/demo1.cpp
#	new file:   chapter1/1_5/1_5_2/output/demo1.out
#	new file:   chapter1/1_5/1_5_2/output/p_1_23.out
#	new file:   chapter1/1_5/1_5_2/p_1_23.cpp
#	new file:   chapter1/1_6/Sales_item.h
#	new file:   chapter1/1_6/Version_test.h
#	new file:   chapter1/1_6/demo
#	new file:   chapter1/1_6/example
#	new file:   chapter1/1_6/output/demo.out
#	new file:   chapter1/1_6/p_1_25.cpp
#	new file:   chapter1/1_6/result
#	new file:   chapter2/2_1/2_1_2/demo1
#	new file:   chapter2/2_1/2_1_2/demo1.cpp
#	new file:   chapter2/2_1/2_1_2/demo2
#	new file:   chapter2/2_1/2_1_2/demo2.cpp
#	new file:   chapter2/2_1/2_1_2/demo3
#	new file:   chapter2/2_1/2_1_2/demo3.cpp
#	new file:   chapter2/2_1/2_1_2/demo4
#	new file:   chapter2/2_1/2_1_2/demo4.cpp
#	new file:   chapter2/2_1/2_1_2/p_2_3
#	new file:   chapter2/2_1/2_1_2/p_2_3.cpp
#	new file:   chapter2/2_1/2_1_3/demo1
#	new file:   chapter2/2_1/2_1_3/demo1.cpp
#	new file:   chapter2/2_1/2_1_3/p_2_5_a
#	new file:   chapter2/2_1/2_1_3/p_2_5_a.cpp
#	new file:   chapter2/2_1/2_1_3/p_2_5_b
#	new file:   chapter2/2_1/2_1_3/p_2_5_b.cpp
#	new file:   chapter2/2_1/2_1_3/p_2_5_c
#	new file:   chapter2/2_1/2_1_3/p_2_5_c.cpp
#	new file:   chapter2/2_1/2_1_3/p_2_5_d
#	new file:   chapter2/2_1/2_1_3/p_2_5_d.cpp
#	new file:   chapter2/2_1/2_1_3/p_2_6.cpp
#	new file:   chapter2/2_1/2_1_3/p_2_7
#	new file:   chapter2/2_1/2_1_3/p_2_7.cpp
#	new file:   chapter2/2_1/2_1_3/p_2_8
#	new file:   chapter2/2_1/2_1_3/p_2_8.cpp
#	new file:   "chapter2/2_1_5/\345\220\215\347\247\260\347\251\272\351\227\264"
#	new file:   "chapter2/2_1_5/\345\220\215\347\247\260\347\251\272\351\227\264.cpp"
#	new file:   chapter2/2_2/2_2_1/2_10
#	new file:   chapter2/2_2/2_2_1/2_10.cpp
#	new file:   chapter2/2_2/2_2_1/demo1
#	new file:   chapter2/2_2/2_2_1/demo1.cpp
#	new file:   chapter2/2_2/2_2_1/demo2
#	new file:   chapter2/2_2/2_2_1/demo2.cpp
#	new file:   chapter2/2_2/2_2_1/p_2_9
#	new file:   chapter2/2_2/2_2_1/p_2_9.cpp
#	new file:   chapter2/2_2/2_2_2/demo1
#	new file:   chapter2/2_2/2_2_2/demo1.cpp
#	new file:   chapter2/2_2/2_2_2/demo2.cpp
#	new file:   chapter2/2_2/2_2_2/example
#	new file:   chapter2/2_2/2_2_3/p_2_12
#	new file:   chapter2/2_2/2_2_3/p_2_12.cpp
#	new file:   "chapter2/2_2/2_2_4/\\"
#	new file:   chapter2/2_2/2_2_4/demo1
#	new file:   chapter2/2_2/2_2_4/demo1.cpp
#	new file:   chapter2/2_2/2_2_4/demo2
#	new file:   chapter2/2_2/2_2_4/demo2.cpp
#	new file:   chapter2/2_2/2_2_4/p_2_13
#	new file:   chapter2/2_2/2_2_4/p_2_13.cpp
#	new file:   chapter2/2_2/2_2_4/p_2_14
#	new file:   chapter2/2_2/2_2_4/p_2_14.cpp
#	new file:   chapter2/2_3/2_3_1/.t1.cpp.swp
#	new file:   chapter2/2_3/2_3_1/demo1
#	new file:   chapter2/2_3/2_3_1/demo1.cpp
#	new file:   chapter2/2_3/2_3_1/demo2
#	new file:   chapter2/2_3/2_3_1/demo2.cpp
#	new file:   chapter2/2_3/2_3_1/demo3
#	new file:   chapter2/2_3/2_3_1/demo3.cpp
#	new file:   chapter2/2_3/2_3_1/demo4
#	new file:   chapter2/2_3/2_3_1/demo4.cpp
#	new file:   chapter2/2_3/2_3_1/p_2_15_a
#	new file:   chapter2/2_3/2_3_1/p_2_15_a.cpp
#	new file:   chapter2/2_3/2_3_1/p_2_15_b.cpp
#	new file:   chapter2/2_3/2_3_1/p_2_15_c
#	new file:   chapter2/2_3/2_3_1/p_2_15_c.cpp
#	new file:   chapter2/2_3/2_3_1/p_2_15_d.cpp
#	new file:   chapter2/2_3/2_3_1/p_2_16_a
#	new file:   chapter2/2_3/2_3_1/p_2_16_a.cpp
#	new file:   chapter2/2_3/2_3_1/p_2_16_b
#	new file:   chapter2/2_3/2_3_1/p_2_16_b.cpp
#	new file:   chapter2/2_3/2_3_1/p_2_16_c
#	new file:   chapter2/2_3/2_3_1/p_2_16_c.cpp
#	new file:   chapter2/2_3/2_3_1/p_2_16_d
#	new file:   chapter2/2_3/2_3_1/p_2_16_d.cpp
#	new file:   chapter2/2_3/2_3_1/p_2_17
#	new file:   chapter2/2_3/2_3_1/p_2_17.cpp
#	new file:   chapter2/2_3/2_3_1/t1.cpp
#	new file:   chapter2/2_3/2_3_2/Test
#	new file:   chapter2/2_3/2_3_2/Test.cpp
#	new file:   chapter2/2_3/2_3_2/demo1
#	new file:   chapter2/2_3/2_3_2/demo1.cpp
#	new file:   chapter2/2_3/2_3_2/demo2
#	new file:   chapter2/2_3/2_3_2/demo2.cpp
#	new file:   chapter2/2_3/2_3_2/demo3
#	new file:   chapter2/2_3/2_3_2/demo3.cpp
#	new file:   chapter2/2_3/2_3_2/demo4
#	new file:   chapter2/2_3/2_3_2/demo4.cpp
#	new file:   chapter2/2_3/2_3_2/demo5
#	new file:   chapter2/2_3/2_3_2/demo5.cpp
#	new file:   chapter2/2_3/2_3_2/demo5_noHeader.cpp
#	new file:   chapter2/2_3/2_3_2/p_2_20
#	new file:   chapter2/2_3/2_3_2/p_2_20.cpp
#	new file:   chapter2/2_3/2_3_3/demo1
#	new file:   chapter2/2_3/2_3_3/demo1.cpp
#	new file:   chapter2/2_4/2_4_1/demo1
#	new file:   chapter2/2_4/2_4_1/demo1.cpp
#	new file:   chapter2/2_4/2_4_1/demo1_1.cpp
#	new file:   chapter2/2_4/2_4_1/demo2
#	new file:   chapter2/2_4/2_4_1/demo2.cpp
#	new file:   chapter2/2_4/2_4_1/demo3
#	new file:   chapter2/2_4/2_4_1/demo3.cpp
#	new file:   chapter2/2_4/2_4_1/demo4
#	new file:   chapter2/2_4/2_4_1/demo4.cpp
#	new file:   chapter2/2_4/2_4_1/demo5
#	new file:   chapter2/2_4/2_4_1/demo5.cpp
#	new file:   chapter2/2_4/2_4_2/demo1.cpp
#	new file:   chapter2/2_4/2_4_2/demo2
#	new file:   chapter2/2_4/2_4_2/demo2.cpp
#	new file:   chapter2/2_4/2_4_2/demo3.cpp
#	new file:   chapter2/2_4/2_4_2/demo4
#	new file:   chapter2/2_4/2_4_2/demo4.cpp
#	new file:   chapter2/2_4/2_4_2/p_2_27_a.cpp
#	new file:   chapter2/2_4/2_4_2/p_2_27_b
#	new file:   chapter2/2_4/2_4_2/p_2_27_b.cpp
#	new file:   chapter2/2_4/2_4_2/p_2_27_c
#	new file:   chapter2/2_4/2_4_2/p_2_27_c.cpp
#	new file:   chapter2/2_4/2_4_2/p_2_27_d
#	new file:   chapter2/2_4/2_4_2/p_2_27_d.cpp
#	new file:   chapter2/2_4/2_4_2/p_2_27_e
#	new file:   chapter2/2_4/2_4_2/p_2_27_e.cpp
#	new file:   chapter2/2_4/2_4_2/p_2_27_f.cpp
#	new file:   chapter2/2_4/2_4_2/p_2_27_g
#	new file:   chapter2/2_4/2_4_2/p_2_27_g.cpp
#	new file:   chapter2/2_4/2_4_2/p_2_28_a.cpp
#	new file:   chapter2/2_4/2_4_2/p_2_28_b.cpp
#	new file:   chapter2/2_4/2_4_2/p_2_28_c.cpp
#	new file:   chapter2/2_4/2_4_3/demo1
#	new file:   chapter2/2_4/2_4_3/demo1.cpp
#	new file:   chapter2/2_4/2_4_3/p_2_30
#	new file:   chapter2/2_4/2_4_3/p_2_30.cpp
#	new file:   chapter2/2_4/2_4_3/p_2_31
#	new file:   chapter2/2_4/2_4_3/p_2_31.cpp
#	new file:   chapter2/2_4/2_4_4/demo1
#	new file:   chapter2/2_4/2_4_4/demo1.cpp
#	new file:   chapter2/2_4/2_4_4/demo2
#	new file:   chapter2/2_4/2_4_4/demo2.cpp
#	new file:   chapter2/2_4/2_4_4/demo3
#	new file:   chapter2/2_4/2_4_4/demo3.cpp
#	new file:   chapter2/2_4/2_4_4/demo4.cpp
#	new file:   chapter2/2_4/2_4_4/p_2_32
#	new file:   chapter2/2_4/2_4_4/p_2_32.cpp
#	new file:   chapter2/2_4/demo1
#	new file:   chapter2/2_4/demo1.cpp
#	new file:   chapter2/2_4/demo2
#	new file:   chapter2/2_4/demo2.cpp
#	new file:   chapter2/2_4/p_2_26_a.cpp
#	new file:   chapter2/2_4/p_2_26_b
#	new file:   chapter2/2_4/p_2_26_c.cpp
#	new file:   chapter2/2_4/p_2_26_d.cpp
#	new file:   chapter2/2_5/2_5_1/demo1
#	new file:   chapter2/2_5/2_5_1/demo1.cpp
#	new file:   chapter2/2_5/2_5_1/demo2
#	new file:   chapter2/2_5/2_5_1/demo2.cpp
#	new file:   chapter2/2_5/2_5_1/demo3
#	new file:   chapter2/2_5/2_5_1/demo3.cpp
#	new file:   chapter2/2_5/2_5_1/demo4.cpp
#	new file:   chapter2/2_5/2_5_1/demo5.cpp
#	new file:   chapter2/2_5/2_5_1/demo6.cpp
#	new file:   chapter2/2_5/2_5_2/demo1
#	new file:   chapter2/2_5/2_5_2/demo1.cpp
#	new file:   chapter2/2_5/2_5_2/demo2.cpp
#	new file:   chapter2/2_5/2_5_2/demo3
#	new file:   chapter2/2_5/2_5_2/demo3.cpp
#	new file:   chapter2/2_5/2_5_2/demo4
#	new file:   chapter2/2_5/2_5_2/demo4.cpp
#	new file:   chapter2/2_5/2_5_2/demo4_2
#	new file:   chapter2/2_5/2_5_2/demo4_2.cpp
#	new file:   chapter2/2_5/2_5_2/demo5
#	new file:   chapter2/2_5/2_5_2/demo5.cpp
#	new file:   chapter2/2_5/2_5_2/demo6.cpp
#	new file:   chapter2/2_5/2_5_2/demo7.cpp
#	new file:   chapter2/2_5/2_5_2/demo7.i
#	new file:   chapter2/2_5/2_5_2/demo7_1.i
#	new file:   chapter2/2_5/2_5_2/p_2_35
#	new file:   chapter2/2_5/2_5_2/p_2_35.cpp
#	new file:   chapter2/2_5/2_5_3/p_2_36
#	new file:   chapter2/2_5/2_5_3/p_2_36.cpp
#	new file:   chapter2/2_5/2_5_3/p_2_37
#	new file:   chapter2/2_5/2_5_3/p_2_37.cpp
#	new file:   chapter2/2_5/2_5_3/p_2_37_2
#	new file:   chapter2/2_5/2_5_3/p_2_37_2.cpp
#	new file:   chapter2/2_6/2_6_1/.p_2_40.cpp.swp
#	new file:   chapter2/2_6/2_6_1/p_2_39.cpp
#	new file:   chapter2/2_6/2_6_1/p_2_40.cpp
#	new file:   chapter2/2_6/2_6_2/p_2_41
#	new file:   chapter2/2_6/2_6_2/p_2_41.cpp
#	new file:   chapter2/2_6/2_6_2/p_2_41_r_1_20.cpp
#	new file:   chapter2/2_6/2_6_2/p_2_41_r_p_1_5_1/Sales_data.h
#	new file:   chapter2/2_6/2_6_3/Sales_data.cpp
#	new file:   chapter2/2_6/2_6_3/Sales_data.h
#	new file:   chapter3/3_1/demo1
#	new file:   chapter3/3_1/demo1.cpp
#	new file:   chapter3/3_1/demo2
#	new file:   chapter3/3_1/demo2.cpp
#	new file:   chapter3/3_1/p_3_1_110
#	new file:   chapter3/3_1/p_3_1_110.cpp
#	new file:   chapter3/3_1/p_3_1_111
#	new file:   chapter3/3_1/p_3_1_111.cpp
#	new file:   chapter3/3_1/p_3_1_19
#	new file:   chapter3/3_1/p_3_1_19.cpp
#	new file:   chapter3/3_2/3_2_1/demo1
#	new file:   chapter3/3_2/3_2_1/demo1.cpp
#	new file:   chapter3/3_2/3_2_1/t1
#	new file:   chapter3/3_2/3_2_1/t1.cpp
#	new file:   chapter3/3_2/3_2_2/demo1
#	new file:   chapter3/3_2/3_2_2/demo1.cpp
#	new file:   chapter3/3_2/3_2_2/demo2
#	new file:   chapter3/3_2/3_2_2/demo2.cpp
#	new file:   data/VisualStudio2012.zip
#	new file:   data/VisualStudio2012/1/README.txt
#	new file:   data/VisualStudio2012/1/Sales_item.h
#	new file:   data/VisualStudio2012/1/add.cpp
#	new file:   data/VisualStudio2012/1/add_item.cpp
#	new file:   data/VisualStudio2012/1/add_item2.cpp
#	new file:   data/VisualStudio2012/1/avg_price.cpp
#	new file:   data/VisualStudio2012/1/data/add
#	new file:   data/VisualStudio2012/1/data/add_item
#	new file:   data/VisualStudio2012/1/data/book_sales
#	new file:   data/VisualStudio2012/1/data/mysum
#	new file:   data/VisualStudio2012/1/data/occurs
#	new file:   data/VisualStudio2012/1/for_ex.cpp
#	new file:   data/VisualStudio2012/1/forcount.cpp
#	new file:   data/VisualStudio2012/1/item_io.cpp
#	new file:   data/VisualStudio2012/1/main_only.cpp
#	new file:   data/VisualStudio2012/1/makefile
#	new file:   data/VisualStudio2012/1/mysum.cpp
#	new file:   data/VisualStudio2012/1/occurs.cpp
#	new file:   data/VisualStudio2012/1/runpgms.bat
#	new file:   data/VisualStudio2012/1/whilecount.cpp
#	new file:   data/VisualStudio2012/10/README.txt
#	new file:   data/VisualStudio2012/10/absInt.cpp
#	new file:   data/VisualStudio2012/10/accum.cpp
#	new file:   data/VisualStudio2012/10/accum4.cpp
#	new file:   data/VisualStudio2012/10/avg_price.cpp
#	new file:   data/VisualStudio2012/10/bind2.cpp
#	new file:   data/VisualStudio2012/10/data/absInt
#	new file:   data/VisualStudio2012/10/data/accum
#	new file:   data/VisualStudio2012/10/data/book_sales
#	new file:   data/VisualStudio2012/10/data/count-size
#	new file:   data/VisualStudio2012/10/data/iostream_iter
#	new file:   data/VisualStudio2012/10/data/outFile1
#	new file:   data/VisualStudio2012/10/data/outFile2
#	new file:   data/VisualStudio2012/10/data/rcomma
#	new file:   data/VisualStudio2012/10/data/readme
#	new file:   data/VisualStudio2012/10/data/reverse-iter
#	new file:   data/VisualStudio2012/10/data/use_find
#	new file:   data/VisualStudio2012/10/elimDups.cpp
#	new file:   data/VisualStudio2012/10/equal.cpp
#	new file:   data/VisualStudio2012/10/equiv-istream-iter.cpp
#	new file:   data/VisualStudio2012/10/inserters.cpp
#	new file:   data/VisualStudio2012/10/iostream_iter.cpp
#	new file:   data/VisualStudio2012/10/lambda.cpp
#	new file:   data/VisualStudio2012/10/makefile
#	new file:   data/VisualStudio2012/10/newcount-size.cpp
#	new file:   data/VisualStudio2012/10/ostreamIter2.cpp
#	new file:   data/VisualStudio2012/10/rcomma.cpp
#	new file:   data/VisualStudio2012/10/rev-iters.cpp
#	new file:   data/VisualStudio2012/10/reverse-iter.cpp
#	new file:   data/VisualStudio2012/10/reverse.cpp
#	new file:   data/VisualStudio2012/10/runpgms.bat
#	new file:   data/VisualStudio2012/10/sortSI.cpp
#	new file:   data/VisualStudio2012/10/use-istream-iter.cpp
#	new file:   data/VisualStudio2012/10/use_find.cpp
#	new file:   data/VisualStudio2012/11/README.txt
#	new file:   data/VisualStudio2012/11/data/Alice
#	new file:   data/VisualStudio2012/11/data/rules
#	new file:   data/VisualStudio2012/11/data/simple_query
#	new file:   data/VisualStudio2012/11/data/storyDataFile
#	new file:   data/VisualStudio2012/11/data/text
#	new file:   data/VisualStudio2012/11/data/word_count
#	new file:   data/VisualStudio2012/11/erasemap.cpp
#	new file:   data/VisualStudio2012/11/makefile
#	new file:   data/VisualStudio2012/11/map1.cpp
#	new file:   data/VisualStudio2012/11/multimap.cpp
#	new file:   data/VisualStudio2012/11/pair.cpp
#	new file:   data/VisualStudio2012/11/restricted_count.cpp
#	new file:   data/VisualStudio2012/11/runpgms.bat
#	new file:   data/VisualStudio2012/11/setOps.cpp
#	new file:   data/VisualStudio2012/11/unorderedWordCount.cpp
#	new file:   data/VisualStudio2012/11/wcEx.cpp
#	new file:   data/VisualStudio2012/11/word_count.cpp
#	new file:   data/VisualStudio2012/11/word_transform.cpp
#	new file:   data/VisualStudio2012/12/Foo.h
#	new file:   data/VisualStudio2012/12/QueryResult.h
#	new file:   data/VisualStudio2012/12/README.txt
#	new file:   data/VisualStudio2012/12/StrBlob.h
#	new file:   data/VisualStudio2012/12/TextQuery.cpp
#	new file:   data/VisualStudio2012/12/TextQuery.h
#	new file:   data/VisualStudio2012/12/UP.cpp
#	new file:   data/VisualStudio2012/12/allocPtr.cpp
#	new file:   data/VisualStudio2012/12/allocSP.cpp
#	new file:   data/VisualStudio2012/12/data/Alice
#	new file:   data/VisualStudio2012/12/data/alloc
#	new file:   data/VisualStudio2012/12/data/storyDataFile
#	new file:   data/VisualStudio2012/12/makefile
#	new file:   data/VisualStudio2012/12/oknew.cpp
#	new file:   data/VisualStudio2012/12/querymain.cpp
#	new file:   data/VisualStudio2012/12/release.cpp
#	new file:   data/VisualStudio2012/12/runpgms.bat
#	new file:   data/VisualStudio2012/12/unique.cpp
#	new file:   data/VisualStudio2012/12/useBlob.cpp
#	new file:   data/VisualStudio2012/12/usealloc.cpp
#	new file:   data/VisualStudio2012/12/usealloc2.cpp
#	new file:   data/VisualStudio2012/12/weak.cpp
#	new file:   data/VisualStudio2012/13/Folder.cpp
#	new file:   data/VisualStudio2012/13/Folder.h
#	new file:   data/VisualStudio2012/13/FolderMain.cpp
#	new file:   data/VisualStudio2012/13/HasPtrUseCount.cpp
#	new file:   data/VisualStudio2012/13/HasPtrValueLike.cpp
#	new file:   data/VisualStudio2012/13/README.txt
#	new file:   data/VisualStudio2012/13/StrFolder.cpp
#	new file:   data/VisualStudio2012/13/StrFolder.h
#	new file:   data/VisualStudio2012/13/StrFolderMain.cpp
#	new file:   data/VisualStudio2012/13/StrVec.cpp
#	new file:   data/VisualStudio2012/13/StrVec.h
#	new file:   data/VisualStudio2012/13/String.cpp
#	new file:   data/VisualStudio2012/13/String.h
#	new file:   data/VisualStudio2012/13/copyNoMove.cpp
#	new file:   data/VisualStudio2012/13/data/storyDataFile
#	new file:   data/VisualStudio2012/13/makefile
#	new file:   data/VisualStudio2012/13/moveHP.cpp
#	new file:   data/VisualStudio2012/13/runpgms.bat
#	new file:   data/VisualStudio2012/13/serial.cpp
#	new file:   data/VisualStudio2012/13/small_SI.h
#	new file:   data/VisualStudio2012/13/substr.cpp
#	new file:   data/VisualStudio2012/13/useStrVec.cpp
#	new file:   data/VisualStudio2012/14/README.txt
#	new file:   data/VisualStudio2012/14/Sales_data.cpp
#	new file:   data/VisualStudio2012/14/Sales_data.h
#	new file:   data/VisualStudio2012/14/absInt.cpp
#	new file:   data/VisualStudio2012/14/add.cpp
#	new file:   data/VisualStudio2012/14/calc.cpp
#	new file:   data/VisualStudio2012/14/data/absInt
#	new file:   data/VisualStudio2012/14/data/add_item
#	new file:   data/VisualStudio2012/14/data/count-size
#	new file:   data/VisualStudio2012/14/data/word_echo
#	new file:   data/VisualStudio2012/14/directcall.cpp
#	new file:   data/VisualStudio2012/14/fcnobj.cpp
#	new file:   data/VisualStudio2012/14/makefile
#	new file:   data/VisualStudio2012/14/newcount-size.cpp
#	new file:   data/VisualStudio2012/14/readStr.cpp
#	new file:   data/VisualStudio2012/14/runpgms.bat
#	new file:   data/VisualStudio2012/15/Basket.cpp
#	new file:   data/VisualStudio2012/15/Basket.h
#	new file:   data/VisualStudio2012/15/Basket_main.cpp
#	new file:   data/VisualStudio2012/15/Query.cpp
#	new file:   data/VisualStudio2012/15/Query.h
#	new file:   data/VisualStudio2012/15/Quote.cpp
#	new file:   data/VisualStudio2012/15/Quote.h
#	new file:   data/VisualStudio2012/15/README.txt
#	new file:   data/VisualStudio2012/15/andQueryTest.cpp
#	new file:   data/VisualStudio2012/15/and_orQueryTest.cpp
#	new file:   data/VisualStudio2012/15/data/querymain
#	new file:   data/VisualStudio2012/15/data/storyDataFile
#	new file:   data/VisualStudio2012/15/data/three
#	new file:   data/VisualStudio2012/15/data/two
#	new file:   data/VisualStudio2012/15/get_print.cpp
#	new file:   data/VisualStudio2012/15/makefile
#	new file:   data/VisualStudio2012/15/runpgms.bat
#	new file:   data/VisualStudio2012/15/sample.cpp
#	new file:   data/VisualStudio2012/15/scope.cpp
#	new file:   data/VisualStudio2012/15/useQuote.cpp
#	new file:   data/VisualStudio2012/15/vecBasket.cpp
#	new file:   data/VisualStudio2012/15/virtualsNscope.cpp
#	new file:   data/VisualStudio2012/15/wordQueryTest.cpp
#	new file:   data/VisualStudio2012/16/Array.cpp
#	new file:   data/VisualStudio2012/16/Blob.h
#	new file:   data/VisualStudio2012/16/DebugDelete.h
#	new file:   data/VisualStudio2012/16/README.txt
#	new file:   data/VisualStudio2012/16/SP.cpp
#	new file:   data/VisualStudio2012/16/Sales_data.cpp
#	new file:   data/VisualStudio2012/16/Sales_data.h
#	new file:   data/VisualStudio2012/16/Vec.h
#	new file:   data/VisualStudio2012/16/Vecmain.cpp
#	new file:   data/VisualStudio2012/16/array-parms4.cpp
#	new file:   data/VisualStudio2012/16/build.cpp
#	new file:   data/VisualStudio2012/16/compare.cpp
#	new file:   data/VisualStudio2012/16/compare.h
#	new file:   data/VisualStudio2012/16/compareDef.cpp
#	new file:   data/VisualStudio2012/16/compareSpec.cpp
#	new file:   data/VisualStudio2012/16/data/Vecmain
#	new file:   data/VisualStudio2012/16/data/book_sales
#	new file:   data/VisualStudio2012/16/data/book_trans
#	new file:   data/VisualStudio2012/16/debug.cpp
#	new file:   data/VisualStudio2012/16/debug_rep.h
#	new file:   data/VisualStudio2012/16/expansion.cpp
#	new file:   data/VisualStudio2012/16/flip.cpp
#	new file:   data/VisualStudio2012/16/makefile
#	new file:   data/VisualStudio2012/16/multiset.cpp
#	new file:   data/VisualStudio2012/16/out2
#	new file:   data/VisualStudio2012/16/overSpec.cpp
#	new file:   data/VisualStudio2012/16/qm.cpp
#	new file:   data/VisualStudio2012/16/runpgms.bat
#	new file:   data/VisualStudio2012/16/special.cpp
#	new file:   data/VisualStudio2012/16/trail-ret.cpp
#	new file:   data/VisualStudio2012/16/typealias.cpp
#	new file:   data/VisualStudio2012/16/useBlob.cpp
#	new file:   data/VisualStudio2012/16/useChcking.cpp
#	new file:   data/VisualStudio2012/16/variadic.cpp
#	new file:   data/VisualStudio2012/16/variadic3.cpp
#	new file:   data/VisualStudio2012/17/README.txt
#	new file:   data/VisualStudio2012/17/REerrs.cpp
#	new file:   data/VisualStudio2012/17/badgetc.cpp
#	new file:   data/VisualStudio2012/17/bits.cpp
#	new file:   data/VisualStudio2012/17/ccpgms.cpp
#	new file:   data/VisualStudio2012/17/data/badgetc
#	new file:   data/VisualStudio2012/17/data/bits
#	new file:   data/VisualStudio2012/17/data/copyOut
#	new file:   data/VisualStudio2012/17/data/files
#	new file:   data/VisualStudio2012/17/data/findDups
#	new file:   data/VisualStudio2012/17/data/findDupsV2
#	new file:   data/VisualStudio2012/17/data/findgerunds
#	new file:   data/VisualStudio2012/17/data/game
#	new file:   data/VisualStudio2012/17/data/no-skipws
#	new file:   data/VisualStudio2012/17/data/phones
#	new file:   data/VisualStudio2012/17/data/phones2
#	new file:   data/VisualStudio2012/17/data/phonesFinal
#	new file:   data/VisualStudio2012/17/data/skipws
#	new file:   data/VisualStudio2012/17/data/store1
#	new file:   data/VisualStudio2012/17/data/store2
#	new file:   data/VisualStudio2012/17/data/store3
#	new file:   data/VisualStudio2012/17/data/store4
#	new file:   data/VisualStudio2012/17/data/storyDataFile
#	new file:   data/VisualStudio2012/17/data/validatePhones
#	new file:   data/VisualStudio2012/17/findbook.cpp
#	new file:   data/VisualStudio2012/17/game.cpp
#	new file:   data/VisualStudio2012/17/getc.cpp
#	new file:   data/VisualStudio2012/17/getput.cpp
#	new file:   data/VisualStudio2012/17/makefile
#	new file:   data/VisualStudio2012/17/manips.cpp
#	new file:   data/VisualStudio2012/17/manips11.cpp
#	new file:   data/VisualStudio2012/17/no-skipws.cpp
#	new file:   data/VisualStudio2012/17/normalInts.cpp
#	new file:   data/VisualStudio2012/17/phones.cpp
#	new file:   data/VisualStudio2012/17/phonesFinal.cpp
#	new file:   data/VisualStudio2012/17/point.cpp
#	new file:   data/VisualStudio2012/17/prec.cpp
#	new file:   data/VisualStudio2012/17/rand1.cpp
#	new file:   data/VisualStudio2012/17/rand2.cpp
#	new file:   data/VisualStudio2012/17/rand4.cpp
#	new file:   data/VisualStudio2012/17/rand6.cpp
#	new file:   data/VisualStudio2012/17/regex1.cpp
#	new file:   data/VisualStudio2012/17/runpgms.bat
#	new file:   data/VisualStudio2012/17/sci_dec.cpp
#	new file:   data/VisualStudio2012/17/seed.cpp
#	new file:   data/VisualStudio2012/17/seek.cpp
#	new file:   data/VisualStudio2012/17/setw.cpp
#	new file:   data/VisualStudio2012/17/skipws.cpp
#	new file:   data/VisualStudio2012/17/subexpr.cpp
#	new file:   data/VisualStudio2012/17/tuple.cpp
#	new file:   data/VisualStudio2012/17/validatePhones.cpp
#	new file:   data/VisualStudio2012/17/zips.cpp
#	new file:   data/VisualStudio2012/18/Animal.cpp
#	new file:   data/VisualStudio2012/18/Animal.h
#	new file:   data/VisualStudio2012/18/Animal_virtual_baseVers.h
#	new file:   data/VisualStudio2012/18/README.txt
#	new file:   data/VisualStudio2012/18/Sales_data.cpp
#	new file:   data/VisualStudio2012/18/book.cpp
#	new file:   data/VisualStudio2012/18/bookexcept.h
#	new file:   data/VisualStudio2012/18/class.cpp
#	new file:   data/VisualStudio2012/18/data/book_sales
#	new file:   data/VisualStudio2012/18/ex-over.cpp
#	new file:   data/VisualStudio2012/18/inherit.cpp
#	new file:   data/VisualStudio2012/18/makefile
#	new file:   data/VisualStudio2012/18/mi-scope.cpp
#	new file:   data/VisualStudio2012/18/over.cpp
#	new file:   data/VisualStudio2012/18/over2.cpp
#	new file:   data/VisualStudio2012/18/runpgms.bat
#	new file:   data/VisualStudio2012/18/spec.cpp
#	new file:   data/VisualStudio2012/18/usingDirective.cpp
#	new file:   data/VisualStudio2012/18/virt-inherit.cpp
#	new file:   data/VisualStudio2012/19/ADVScreen.h
#	new file:   data/VisualStudio2012/19/README.txt
#	new file:   data/VisualStudio2012/19/Screen.cpp
#	new file:   data/VisualStudio2012/19/Screen.h
#	new file:   data/VisualStudio2012/19/TextQuery.h
#	new file:   data/VisualStudio2012/19/Token.h
#	new file:   data/VisualStudio2012/19/bitfields.cpp
#	new file:   data/VisualStudio2012/19/calc.cpp
#	new file:   data/VisualStudio2012/19/dyn_cast.cpp
#	new file:   data/VisualStudio2012/19/enum-match.cpp
#	new file:   data/VisualStudio2012/19/enum.cpp
#	new file:   data/VisualStudio2012/19/makefile
#	new file:   data/VisualStudio2012/19/memFN-bind.cpp
#	new file:   data/VisualStudio2012/19/runpgms.bat
#	new file:   data/VisualStudio2012/19/tok2.cpp
#	new file:   data/VisualStudio2012/19/typeid.cpp
#	new file:   data/VisualStudio2012/19/useScreen.cpp
#	new file:   data/VisualStudio2012/2/README.txt
#	new file:   data/VisualStudio2012/2/Sales_data.cpp
#	new file:   data/VisualStudio2012/2/Sales_data.h
#	new file:   data/VisualStudio2012/2/compounddecls.cpp
#	new file:   data/VisualStudio2012/2/convs.cpp
#	new file:   data/VisualStudio2012/2/data/add_item
#	new file:   data/VisualStudio2012/2/dbl_ptr.cpp
#	new file:   data/VisualStudio2012/2/decl-ex.cpp
#	new file:   data/VisualStudio2012/2/escape.cpp
#	new file:   data/VisualStudio2012/2/inits.cpp
#	new file:   data/VisualStudio2012/2/literals.cpp
#	new file:   data/VisualStudio2012/2/makefile
#	new file:   data/VisualStudio2012/2/ref-ex.cpp
#	new file:   data/VisualStudio2012/2/runpgms.bat
#	new file:   data/VisualStudio2012/2/scope_levels.cpp
#	new file:   data/VisualStudio2012/2/unsigned.cpp
#	new file:   data/VisualStudio2012/3/README.txt
#	new file:   data/VisualStudio2012/3/add_using.cpp
#	new file:   data/VisualStudio2012/3/arrayScores.cpp
#	new file:   data/VisualStudio2012/3/cctype.cpp
#	new file:   data/VisualStudio2012/3/char_repl.cpp
#	new file:   data/VisualStudio2012/3/cstring_hdr.cpp
#	new file:   data/VisualStudio2012/3/data/add
#	new file:   data/VisualStudio2012/3/data/grades
#	new file:   data/VisualStudio2012/3/data/hexify
#	new file:   data/VisualStudio2012/3/data/iterarith
#	new file:   data/VisualStudio2012/3/data/ptr_traversal2
#	new file:   data/VisualStudio2012/3/data/string_io
#	new file:   data/VisualStudio2012/3/data/vecStrings2
#	new file:   data/VisualStudio2012/3/data/word_echo
#	new file:   data/VisualStudio2012/3/getline.cpp
#	new file:   data/VisualStudio2012/3/hexify.cpp
#	new file:   data/VisualStudio2012/3/makefile
#	new file:   data/VisualStudio2012/3/multidim.cpp
#	new file:   data/VisualStudio2012/3/ptr_traversal2.cpp
#	new file:   data/VisualStudio2012/3/runpgms.bat
#	new file:   data/VisualStudio2012/3/square.cpp
#	new file:   data/VisualStudio2012/3/strcompare.cpp
#	new file:   data/VisualStudio2012/3/string_add.cpp
#	new file:   data/VisualStudio2012/3/string_io.cpp
#	new file:   data/VisualStudio2012/3/string_io2.cpp
#	new file:   data/VisualStudio2012/3/string_size.cpp
#	new file:   data/VisualStudio2012/3/string_size2.cpp
#	new file:   data/VisualStudio2012/3/string_size3.cpp
#	new file:   data/VisualStudio2012/3/vecScores.cpp
#	new file:   data/VisualStudio2012/3/vecStrings2.cpp
#	new file:   data/VisualStudio2012/3/vecSubs.cpp
#	new file:   data/VisualStudio2012/3/vec_decls.cpp
#	new file:   data/VisualStudio2012/3/word_echo.cpp
#	new file:   data/VisualStudio2012/4/README.txt
#	new file:   data/VisualStudio2012/4/arith-ex.cpp
#	new file:   data/VisualStudio2012/4/arraysizeof.cpp
#	new file:   data/VisualStudio2012/4/cond.cpp
#	new file:   data/VisualStudio2012/4/data/oofe
#	new file:   data/VisualStudio2012/4/data/vecSubs
#	new file:   data/VisualStudio2012/4/incr.cpp
#	new file:   data/VisualStudio2012/4/int-div.cpp
#	new file:   data/VisualStudio2012/4/makefile
#	new file:   data/VisualStudio2012/4/oofe.cpp
#	new file:   data/VisualStudio2012/4/overflow.cpp
#	new file:   data/VisualStudio2012/4/prec.cpp
#	new file:   data/VisualStudio2012/4/runpgms.bat
#	new file:   data/VisualStudio2012/4/shift-prec.cpp
#	new file:   data/VisualStudio2012/4/sizeof_pgm.cpp
#	new file:   data/VisualStudio2012/4/unaryOps.cpp
#	new file:   data/VisualStudio2012/4/vec_init.cpp
#	new file:   data/VisualStudio2012/4/warn_dbltoint.cpp
#	new file:   data/VisualStudio2012/5/README.txt
#	new file:   data/VisualStudio2012/5/add_item2.cpp
#	new file:   data/VisualStudio2012/5/data/add_item_data
#	new file:   data/VisualStudio2012/5/data/doWhile
#	new file:   data/VisualStudio2012/5/data/grades
#	new file:   data/VisualStudio2012/5/data/guesses
#	new file:   data/VisualStudio2012/5/data/readme
#	new file:   data/VisualStudio2012/5/doWhile.cpp
#	new file:   data/VisualStudio2012/5/guess.cpp
#	new file:   data/VisualStudio2012/5/ifgrades.cpp
#	new file:   data/VisualStudio2012/5/makefile
#	new file:   data/VisualStudio2012/5/othercnt.cpp
#	new file:   data/VisualStudio2012/5/rangefor.cpp
#	new file:   data/VisualStudio2012/5/runpgms.bat
#	new file:   data/VisualStudio2012/5/vowels.cpp
#	new file:   data/VisualStudio2012/6/LocalMath.cpp
#	new file:   data/VisualStudio2012/6/LocalMath.h
#	new file:   data/VisualStudio2012/6/README.txt
#	new file:   data/VisualStudio2012/6/arrRet.cpp
#	new file:   data/VisualStudio2012/6/count-calls.cpp
#	new file:   data/VisualStudio2012/6/data/mainmath
#	new file:   data/VisualStudio2012/6/data/refparms
#	new file:   data/VisualStudio2012/6/errMsg_initList.cpp
#	new file:   data/VisualStudio2012/6/fact.cpp
#	new file:   data/VisualStudio2012/6/fcnptrRet.cpp
#	new file:   data/VisualStudio2012/6/good_printmain.cpp
#	new file:   data/VisualStudio2012/6/inline_shorter.cpp
#	new file:   data/VisualStudio2012/6/mainmath.cpp
#	new file:   data/VisualStudio2012/6/mainret.cpp
#	new file:   data/VisualStudio2012/6/make_plural.h
#	new file:   data/VisualStudio2012/6/makefile
#	new file:   data/VisualStudio2012/6/mk_plural.cpp
#	new file:   data/VisualStudio2012/6/printFcns.h
#	new file:   data/VisualStudio2012/6/ref-fcn.cpp
#	new file:   data/VisualStudio2012/6/refparms.cpp
#	new file:   data/VisualStudio2012/6/refret-ex.cpp
#	new file:   data/VisualStudio2012/6/reset.cpp
#	new file:   data/VisualStudio2012/6/runpgms.bat
#	new file:   data/VisualStudio2012/6/stl-arr-fcns.cpp
#	new file:   data/VisualStudio2012/6/use_mk_plural.cpp
#	new file:   data/VisualStudio2012/6/usefcnptr.cpp
#	new file:   data/VisualStudio2012/6/wdebug.cpp
#	new file:   data/VisualStudio2012/7/Account.cpp
#	new file:   data/VisualStudio2012/7/Account.h
#	new file:   data/VisualStudio2012/7/Debug.cpp
#	new file:   data/VisualStudio2012/7/Debug.h
#	new file:   data/VisualStudio2012/7/README.txt
#	new file:   data/VisualStudio2012/7/Sales_data.cpp
#	new file:   data/VisualStudio2012/7/Sales_data.h
#	new file:   data/VisualStudio2012/7/Screen.h
#	new file:   data/VisualStudio2012/7/WindowMgr.h
#	new file:   data/VisualStudio2012/7/add_item.cpp
#	new file:   data/VisualStudio2012/7/avg_price.cpp
#	new file:   data/VisualStudio2012/7/data/add_item
#	new file:   data/VisualStudio2012/7/data/book_sales
#	new file:   data/VisualStudio2012/7/makefile
#	new file:   data/VisualStudio2012/7/runpgms.bat
#	new file:   data/VisualStudio2012/7/useAccount.cpp
#	new file:   data/VisualStudio2012/7/useDebug.cpp
#	new file:   data/VisualStudio2012/7/useScreen.cpp
#	new file:   data/VisualStudio2012/8/README.txt
#	new file:   data/VisualStudio2012/8/add_item.cpp
#	new file:   data/VisualStudio2012/8/add_itemV2.cpp
#	new file:   data/VisualStudio2012/8/buf.cpp
#	new file:   data/VisualStudio2012/8/clearIO.cpp
#	new file:   data/VisualStudio2012/8/data/add_item
#	new file:   data/VisualStudio2012/8/data/sstream
#	new file:   data/VisualStudio2012/8/fileIO.cpp
#	new file:   data/VisualStudio2012/8/makefile
#	new file:   data/VisualStudio2012/8/runpgms.bat
#	new file:   data/VisualStudio2012/8/sstream.cpp
#	new file:   data/VisualStudio2012/9/README.txt
#	new file:   data/VisualStudio2012/9/capacity.cpp
#	new file:   data/VisualStudio2012/9/data/erase
#	new file:   data/VisualStudio2012/9/erase1.cpp
#	new file:   data/VisualStudio2012/9/erase2.cpp
#	new file:   data/VisualStudio2012/9/find-str.cpp
#	new file:   data/VisualStudio2012/9/find_ops.cpp
#	new file:   data/VisualStudio2012/9/makefile
#	new file:   data/VisualStudio2012/9/refreshIter.cpp
#	new file:   data/VisualStudio2012/9/runpgms.bat
#	new file:   data/VisualStudio2012/9/stack.cpp
#	new file:   data/VisualStudio2012/9/str_assignOps.cpp
#	new file:   data/VisualStudio2012/9/substr.cpp
#	new file:   data/VisualStudio2012/9/useConvs.cpp
#	new file:   data/VisualStudio2012/CompilerNotes.pdf
#	new file:   data/VisualStudio2012/MS_makefile_template
#	new file:   data/VisualStudio2012/Version_test.h
#	new file:   data/VisualStudio2012/Visual Studio 2012 README.pdf
#	new file:   data/VisualStudio2012/makefile
#	new file:   data/VisualStudio2012/runp.bat
#	new file:   data/VisualStudio2012/runpgms.bat
#
# Untracked files:
#   (use "git add <file>..." to include in what will be committed)
#
#	log.log
